TN:
SF:src/dao/booking-dao.ts
FN:5,(anonymous_0)
FN:35,(anonymous_1)
FN:42,(anonymous_2)
FN:60,(anonymous_3)
FN:66,(anonymous_4)
FN:69,(anonymous_5)
FN:74,(anonymous_6)
FN:83,(anonymous_7)
FN:92,(anonymous_8)
FN:100,(anonymous_9)
FNF:10
FNH:10
FNDA:1,(anonymous_0)
FNDA:1,(anonymous_1)
FNDA:7,(anonymous_2)
FNDA:5,(anonymous_3)
FNDA:5,(anonymous_4)
FNDA:9,(anonymous_5)
FNDA:9,(anonymous_6)
FNDA:3,(anonymous_7)
FNDA:2,(anonymous_8)
FNDA:2,(anonymous_9)
DA:1,10
DA:2,10
DA:3,10
DA:5,10
DA:18,1
DA:35,10
DA:38,1
DA:42,10
DA:53,7
DA:55,7
DA:60,5
DA:66,5
DA:69,9
DA:74,9
DA:79,10
DA:84,3
DA:93,2
DA:101,2
LF:18
LH:18
BRDA:46,0,0,2
BRDA:53,1,0,2
BRDA:53,1,1,5
BRF:3
BRH:3
end_of_record
TN:
SF:src/dao/provider-dao.ts
FN:6,(anonymous_0)
FNF:1
FNH:1
FNDA:1,(anonymous_0)
DA:2,3
DA:3,3
DA:4,3
DA:6,3
DA:17,1
DA:24,1
DA:29,1
DA:30,1
DA:33,3
LF:9
LH:9
BRF:0
BRH:0
end_of_record
TN:
SF:src/dao/slot-dao.ts
FN:12,(anonymous_0)
FN:61,(anonymous_1)
FN:115,(anonymous_2)
FNF:3
FNH:3
FNDA:14,(anonymous_0)
FNDA:4,(anonymous_1)
FNDA:4,(anonymous_2)
DA:1,7
DA:2,7
DA:3,7
DA:4,7
DA:12,7
DA:18,14
DA:20,14
DA:26,14
DA:27,14
DA:47,3
DA:48,3
DA:50,11
DA:51,11
DA:52,11
DA:54,0
DA:61,7
DA:66,4
DA:68,4
DA:74,4
DA:75,4
DA:97,2
DA:98,2
DA:100,2
DA:101,2
DA:106,2
DA:108,0
DA:115,7
DA:120,4
DA:122,4
DA:128,4
DA:129,4
DA:145,2
DA:146,2
DA:148,2
DA:149,2
DA:154,2
DA:156,0
DA:160,7
LF:38
LH:35
BRDA:50,0,0,11
BRDA:100,1,0,2
BRDA:148,2,0,2
BRF:3
BRH:3
end_of_record
TN:
SF:src/handlers/availability/create-availability.ts
FN:12,handler
FN:63,(anonymous_1)
FNF:2
FNH:2
FNDA:4,handler
FNDA:4,(anonymous_1)
DA:2,2
DA:3,2
DA:4,2
DA:10,2
DA:12,2
DA:15,4
DA:16,4
DA:18,4
DA:19,1
DA:22,3
DA:23,1
DA:26,2
DA:29,2
DA:30,0
DA:36,2
DA:37,2
DA:39,2
DA:40,1
DA:44,1
DA:45,1
DA:53,1
DA:56,1
DA:63,1
DA:64,4
DA:65,4
DA:72,1
DA:74,1
DA:87,0
DA:88,0
LF:29
LH:26
BRDA:18,0,0,1
BRDA:22,1,0,1
BRDA:29,2,0,0
BRDA:29,3,0,2
BRDA:29,3,1,2
BRDA:29,3,2,2
BRDA:29,3,3,2
BRDA:39,4,0,1
BRF:8
BRH:7
end_of_record
TN:
SF:src/handlers/booking/cancel-booking.ts
FN:15,handler
FNF:1
FNH:1
FNDA:3,handler
DA:2,2
DA:4,2
DA:11,2
DA:12,2
DA:13,2
DA:15,2
DA:16,3
DA:17,3
DA:19,3
DA:20,1
DA:23,2
DA:26,2
DA:28,2
DA:29,1
DA:32,1
DA:34,1
DA:37,1
DA:39,1
DA:42,1
DA:49,0
DA:50,0
DA:54,0
DA:57,0
DA:58,0
LF:24
LH:19
BRDA:19,0,0,1
BRDA:28,1,0,1
BRDA:49,2,0,0
BRF:3
BRH:2
end_of_record
TN:
SF:src/handlers/booking/confirm-booking.ts
FN:13,handler
FNF:1
FNH:1
FNDA:4,handler
DA:2,3
DA:3,3
DA:10,3
DA:11,3
DA:13,3
DA:16,4
DA:18,4
DA:20,4
DA:21,4
DA:22,1
DA:23,1
DA:26,3
DA:27,3
DA:28,0
DA:29,0
DA:32,3
DA:38,3
DA:44,3
DA:45,1
DA:49,1
DA:52,2
DA:54,2
DA:58,2
DA:63,0
DA:67,0
LF:25
LH:21
BRDA:21,0,0,1
BRDA:27,1,0,0
BRDA:44,2,0,1
BRF:3
BRH:2
end_of_record
TN:
SF:src/handlers/booking/create-booking.ts
FN:19,handler
FNF:1
FNH:1
FNDA:4,handler
DA:2,3
DA:4,3
DA:9,3
DA:10,3
DA:11,3
DA:12,3
DA:13,3
DA:14,3
DA:16,3
DA:17,3
DA:19,3
DA:22,4
DA:23,4
DA:25,4
DA:26,4
DA:27,0
DA:30,4
DA:33,4
DA:34,0
DA:38,4
DA:39,4
DA:40,1
DA:44,3
DA:45,3
DA:47,3
DA:48,3
DA:50,1
DA:51,1
DA:53,0
DA:56,2
DA:65,2
DA:75,2
DA:77,2
DA:83,2
DA:85,0
DA:86,0
LF:36
LH:31
BRDA:26,0,0,0
BRDA:33,1,0,0
BRDA:33,2,0,4
BRDA:33,2,1,4
BRDA:33,2,2,4
BRDA:39,3,0,1
BRDA:50,4,0,1
BRF:7
BRH:5
end_of_record
TN:
SF:src/handlers/booking/get-booking.ts
FN:12,handler
FNF:1
FNH:1
FNDA:4,handler
DA:4,3
DA:5,3
DA:12,3
DA:15,4
DA:16,4
DA:18,4
DA:19,1
DA:22,3
DA:24,3
DA:25,1
DA:29,2
DA:41,0
DA:42,0
LF:13
LH:11
BRDA:18,0,0,1
BRDA:24,1,0,1
BRF:2
BRH:2
end_of_record
TN:
SF:src/handlers/providers/create-provider.ts
FN:13,handler
FNF:1
FNH:1
FNDA:4,handler
DA:3,2
DA:4,2
DA:10,2
DA:11,2
DA:13,2
DA:16,4
DA:19,4
DA:20,4
DA:21,1
DA:22,1
DA:24,3
DA:25,3
DA:30,3
DA:31,3
DA:34,3
DA:35,1
DA:36,1
DA:39,2
DA:40,1
DA:43,1
DA:48,1
DA:52,1
DA:54,1
DA:56,1
DA:60,1
DA:70,0
DA:76,0
DA:77,0
DA:80,0
LF:29
LH:25
BRDA:20,0,0,1
BRDA:34,1,0,1
BRDA:34,2,0,3
BRDA:34,2,1,3
BRDA:34,2,2,2
BRDA:39,3,0,1
BRDA:76,4,0,0
BRF:7
BRH:6
end_of_record
TN:
SF:src/handlers/slot/get-slot.ts
FN:10,handler
FN:36,(anonymous_1)
FN:37,(anonymous_2)
FN:46,(anonymous_3)
FNF:4
FNH:4
FNDA:3,handler
FNDA:3,(anonymous_1)
FNDA:2,(anonymous_2)
FNDA:1,(anonymous_3)
DA:3,2
DA:4,2
DA:10,2
DA:13,3
DA:14,3
DA:15,3
DA:17,3
DA:18,1
DA:21,2
DA:22,1
DA:26,1
DA:35,1
DA:36,3
DA:39,2
DA:40,2
DA:46,1
DA:48,1
DA:55,0
DA:56,0
LF:19
LH:17
BRDA:17,0,0,1
BRDA:21,1,0,1
BRF:2
BRH:2
end_of_record
TN:
SF:src/types/index.ts
FN:111,(anonymous_0)
FN:115,(anonymous_1)
FN:119,(anonymous_2)
FN:123,(anonymous_3)
FNF:4
FNH:4
FNDA:3,(anonymous_0)
FNDA:1,(anonymous_1)
FNDA:31,(anonymous_2)
FNDA:14,(anonymous_3)
DA:110,24
DA:111,3
DA:115,1
DA:119,31
DA:123,14
LF:5
LH:5
BRF:0
BRH:0
end_of_record
TN:
SF:src/utils/dynamodb.ts
FN:17,putItem
FN:26,getItem
FN:40,updateItem
FN:60,queryItems
FN:80,batchWriteItems
FN:81,(anonymous_5)
FNF:6
FNH:6
FNDA:1,putItem
FNDA:2,getItem
FNDA:1,updateItem
FNDA:2,queryItems
FNDA:2,batchWriteItems
FNDA:32,(anonymous_5)
DA:1,20
DA:2,20
DA:11,20
DA:12,20
DA:14,20
DA:17,20
DA:18,1
DA:26,20
DA:29,2
DA:36,2
DA:40,20
DA:47,1
DA:60,20
DA:67,2
DA:77,2
DA:80,20
DA:81,32
DA:88,2
DA:89,2
DA:90,3
DA:93,2
DA:94,3
LF:22
LH:22
BRDA:77,0,0,2
BRDA:77,0,1,1
BRF:2
BRH:2
end_of_record
TN:
SF:src/utils/logger.ts
FN:3,log
FN:19,(anonymous_1)
FN:22,(anonymous_2)
FN:25,(anonymous_3)
FN:28,(anonymous_4)
FNF:5
FNH:5
FNDA:92,log
FNDA:41,(anonymous_1)
FNDA:22,(anonymous_2)
FNDA:6,(anonymous_3)
FNDA:23,(anonymous_4)
DA:8,92
DA:15,92
DA:18,22
DA:20,41
DA:23,22
DA:26,6
DA:29,23
LF:7
LH:7
BRDA:12,0,0,79
BRDA:12,0,1,13
BRF:2
BRH:2
end_of_record
TN:
SF:src/utils/response.ts
FN:8,successResponse
FN:16,errorResponse
FN:27,validationError
FN:31,notFoundError
FN:35,conflictError
FN:39,internalError
FNF:6
FNH:6
FNDA:11,successResponse
FNDA:21,errorResponse
FNDA:13,validationError
FNDA:4,notFoundError
FNDA:2,conflictError
FNDA:1,internalError
DA:3,10
DA:8,10
DA:9,11
DA:16,10
DA:17,21
DA:27,10
DA:28,13
DA:31,10
DA:32,4
DA:35,10
DA:36,2
DA:39,10
DA:40,1
LF:13
LH:13
BRDA:8,0,0,6
BRDA:16,1,0,0
BRDA:39,2,0,1
BRF:3
BRH:2
end_of_record
TN:
SF:src/utils/sqs.ts
FN:6,(anonymous_0)
FNF:1
FNH:1
FNDA:3,(anonymous_0)
DA:1,4
DA:2,4
DA:4,4
DA:6,4
DA:7,3
DA:8,3
DA:9,3
DA:10,3
DA:12,1
DA:13,1
LF:10
LH:10
BRDA:7,0,0,1
BRDA:7,0,1,2
BRF:2
BRH:2
end_of_record
TN:
SF:src/utils/time.ts
FN:1,generateTimeSlots
FN:26,generateExpirationTime
FN:32,isExpired
FN:36,formatDate
FN:40,getCurrentTimestamp
FNF:5
FNH:5
FNDA:2,generateTimeSlots
FNDA:7,generateExpirationTime
FNDA:2,isExpired
FNDA:1,formatDate
FNDA:17,getCurrentTimestamp
DA:1,26
DA:6,2
DA:7,2
DA:8,2
DA:10,2
DA:11,2
DA:13,2
DA:14,8
DA:15,8
DA:16,8
DA:19,8
DA:20,8
DA:23,2
DA:26,26
DA:27,7
DA:28,7
DA:29,7
DA:32,26
DA:33,2
DA:36,26
DA:37,1
DA:40,26
DA:41,17
LF:23
LH:23
BRDA:26,0,0,0
BRF:1
BRH:0
end_of_record
TN:
SF:src/workers/booking-processor.ts
FN:7,handler
FN:11,(anonymous_1)
FN:15,(anonymous_2)
FN:22,processBooking
FNF:4
FNH:4
FNDA:3,handler
FNDA:3,(anonymous_1)
FNDA:3,(anonymous_2)
FNDA:3,processBooking
DA:2,2
DA:3,2
DA:4,2
DA:5,2
DA:7,2
DA:8,3
DA:10,3
DA:11,3
DA:15,3
DA:16,3
DA:17,2
DA:23,3
DA:24,3
DA:26,3
DA:27,3
DA:29,3
DA:31,3
DA:33,3
DA:34,3
DA:49,1
DA:51,2
DA:52,1
DA:53,1
DA:55,1
DA:59,1
DA:60,1
DA:62,1
DA:79,1
DA:81,1
DA:83,2
DA:84,2
LF:31
LH:31
BRDA:16,0,0,2
BRDA:51,1,0,1
BRF:2
BRH:2
end_of_record
TN:
SF:src/workers/expiration-processor.ts
FN:7,handler
FN:31,(anonymous_1)
FN:35,(anonymous_2)
FN:36,(anonymous_3)
FN:45,expireBooking
FNF:5
FNH:5
FNDA:3,handler
FNDA:2,(anonymous_1)
FNDA:2,(anonymous_2)
FNDA:2,(anonymous_3)
FNDA:2,expireBooking
DA:2,2
DA:3,2
DA:4,2
DA:5,2
DA:7,2
DA:8,3
DA:10,3
DA:12,3
DA:23,3
DA:25,3
DA:26,1
DA:30,2
DA:31,2
DA:35,2
DA:36,2
DA:38,2
DA:40,0
DA:41,0
DA:46,2
DA:47,2
DA:49,2
DA:51,2
DA:53,2
DA:56,2
DA:57,2
DA:59,2
DA:72,1
DA:74,1
DA:75,1
DA:76,1
DA:78,0
LF:31
LH:28
BRDA:25,0,0,1
BRDA:74,1,0,1
BRF:2
BRH:2
end_of_record
