TN:
SF:src/dao/booking-dao.ts
FN:6,(anonymous_0)
FN:47,(anonymous_1)
FN:54,(anonymous_2)
FN:71,(anonymous_3)
FN:76,(anonymous_4)
FN:79,(anonymous_5)
FN:84,(anonymous_6)
FN:93,(anonymous_7)
FN:102,(anonymous_8)
FN:110,(anonymous_9)
FNF:10
FNH:10
FNDA:1,(anonymous_0)
FNDA:1,(anonymous_1)
FNDA:7,(anonymous_2)
FNDA:5,(anonymous_3)
FNDA:5,(anonymous_4)
FNDA:9,(anonymous_5)
FNDA:9,(anonymous_6)
FNDA:3,(anonymous_7)
FNDA:2,(anonymous_8)
FNDA:2,(anonymous_9)
DA:1,14
DA:3,14
DA:4,14
DA:6,14
DA:19,1
DA:22,1
DA:37,1
DA:47,14
DA:50,1
DA:54,14
DA:65,7
DA:67,7
DA:71,5
DA:76,5
DA:79,9
DA:84,9
DA:89,14
DA:94,3
DA:103,2
DA:111,2
LF:20
LH:20
BRDA:58,0,0,2
BRDA:65,1,0,2
BRDA:65,1,1,5
BRDA:71,2,0,5
BRDA:71,2,1,2
BRF:5
BRH:5
end_of_record
TN:
SF:src/dao/provider-dao.ts
FN:7,(anonymous_0)
FNF:1
FNH:1
FNDA:3,(anonymous_0)
DA:3,4
DA:4,4
DA:5,4
DA:7,4
DA:18,3
DA:25,3
DA:27,3
DA:29,3
DA:31,2
DA:32,1
DA:33,1
DA:35,1
DA:38,1
DA:41,4
LF:14
LH:14
BRDA:31,0,0,1
BRF:1
BRH:1
end_of_record
TN:
SF:src/dao/slot-dao.ts
FN:13,(anonymous_0)
FN:67,(anonymous_1)
FN:120,(anonymous_2)
FN:168,(anonymous_3)
FNF:4
FNH:4
FNDA:14,(anonymous_0)
FNDA:4,(anonymous_1)
FNDA:5,(anonymous_2)
FNDA:2,(anonymous_3)
DA:1,13
DA:2,13
DA:3,13
DA:4,13
DA:5,13
DA:13,13
DA:19,14
DA:21,14
DA:27,14
DA:28,14
DA:53,3
DA:54,3
DA:56,11
DA:57,11
DA:58,11
DA:60,0
DA:67,13
DA:72,4
DA:74,4
DA:80,4
DA:81,4
DA:102,2
DA:103,2
DA:105,2
DA:106,2
DA:111,2
DA:113,0
DA:120,13
DA:125,5
DA:127,5
DA:133,5
DA:134,5
DA:150,2
DA:151,2
DA:153,3
DA:154,3
DA:159,3
DA:161,0
DA:168,13
DA:173,2
DA:174,2
DA:176,2
DA:182,2
DA:213,2
DA:214,1
DA:217,13
LF:46
LH:43
BRDA:56,0,0,11
BRDA:105,1,0,2
BRDA:153,2,0,3
BRF:3
BRH:3
end_of_record
TN:
SF:src/handlers/availability/create-availability.ts
FN:14,handler
FN:65,(anonymous_1)
FNF:2
FNH:2
FNDA:4,handler
FNDA:4,(anonymous_1)
DA:3,2
DA:5,2
DA:6,2
DA:12,2
DA:14,2
DA:17,4
DA:18,4
DA:20,4
DA:21,1
DA:24,3
DA:25,1
DA:28,2
DA:31,2
DA:32,0
DA:38,2
DA:39,2
DA:41,2
DA:42,1
DA:46,1
DA:47,1
DA:55,1
DA:58,1
DA:65,1
DA:66,4
DA:67,4
DA:74,1
DA:76,1
DA:89,0
DA:90,0
LF:29
LH:26
BRDA:20,0,0,1
BRDA:24,1,0,1
BRDA:31,2,0,0
BRDA:31,3,0,2
BRDA:31,3,1,2
BRDA:31,3,2,2
BRDA:31,3,3,2
BRDA:41,4,0,1
BRF:8
BRH:7
end_of_record
TN:
SF:src/handlers/booking/cancel-booking.ts
FN:17,cancelBooking
FNF:1
FNH:1
FNDA:13,cancelBooking
DA:2,3
DA:9,3
DA:10,3
DA:17,3
DA:18,13
DA:19,13
DA:21,13
DA:23,13
DA:24,13
DA:25,4
DA:28,9
DA:31,9
DA:33,3
DA:38,3
DA:40,6
DA:42,6
DA:43,2
DA:44,2
DA:47,4
DA:48,3
DA:49,3
DA:52,1
DA:53,0
DA:54,0
DA:57,1
DA:62,1
DA:67,3
LF:27
LH:25
BRDA:24,0,0,4
BRDA:42,1,0,2
BRDA:47,2,0,3
BRDA:52,3,0,0
BRF:4
BRH:3
end_of_record
TN:
SF:src/handlers/booking/confirm-booking.ts
FN:18,confirmBooking
FNF:1
FNH:1
FNDA:9,confirmBooking
DA:2,3
DA:3,3
DA:10,3
DA:11,3
DA:18,3
DA:21,9
DA:22,9
DA:24,9
DA:25,9
DA:28,9
DA:29,9
DA:30,3
DA:34,6
DA:36,3
DA:41,3
DA:43,3
DA:45,3
DA:46,1
DA:47,1
DA:50,2
DA:51,2
DA:52,2
DA:55,0
DA:56,0
DA:57,0
DA:60,0
DA:65,0
DA:70,3
LF:28
LH:23
BRDA:29,0,0,3
BRDA:45,1,0,1
BRDA:50,2,0,2
BRDA:55,3,0,0
BRF:4
BRH:3
end_of_record
TN:
SF:src/handlers/booking/create-booking.ts
FN:16,createBooking
FNF:1
FNH:1
FNDA:15,createBooking
DA:3,4
DA:8,4
DA:9,4
DA:10,4
DA:16,4
DA:19,15
DA:21,15
DA:22,15
DA:23,15
DA:25,15
DA:26,2
DA:29,13
DA:32,13
DA:33,13
DA:34,3
DA:38,10
DA:44,3
DA:49,3
DA:51,7
DA:53,7
DA:54,5
DA:55,5
DA:58,2
DA:59,2
DA:60,2
DA:63,0
DA:67,0
DA:72,4
LF:28
LH:26
BRDA:25,0,0,2
BRDA:33,1,0,3
BRDA:53,2,0,5
BRDA:58,3,0,2
BRF:4
BRH:4
end_of_record
TN:
SF:src/handlers/booking/get-booking.ts
FN:10,handler
FNF:1
FNH:1
FNDA:4,handler
DA:2,3
DA:3,3
DA:10,3
DA:13,4
DA:14,4
DA:16,4
DA:17,1
DA:20,3
DA:22,3
DA:23,1
DA:27,2
DA:39,0
DA:40,0
LF:13
LH:11
BRDA:16,0,0,1
BRDA:22,1,0,1
BRF:2
BRH:2
end_of_record
TN:
SF:src/handlers/providers/create-provider.ts
FN:13,handler
FNF:1
FNH:1
FNDA:4,handler
DA:3,2
DA:4,2
DA:10,2
DA:11,2
DA:13,2
DA:16,4
DA:19,4
DA:20,4
DA:21,1
DA:22,1
DA:24,3
DA:25,3
DA:30,3
DA:31,3
DA:34,3
DA:35,1
DA:36,1
DA:39,2
DA:40,1
DA:43,1
DA:48,1
DA:52,1
DA:54,1
DA:56,1
DA:60,1
DA:70,0
DA:76,0
DA:77,0
DA:80,0
LF:29
LH:25
BRDA:20,0,0,1
BRDA:34,1,0,1
BRDA:34,2,0,3
BRDA:34,2,1,3
BRDA:34,2,2,2
BRDA:39,3,0,1
BRDA:76,4,0,0
BRF:7
BRH:6
end_of_record
TN:
SF:src/handlers/slot/get-slot.ts
FN:12,handler
FN:67,(anonymous_1)
FN:78,(anonymous_2)
FN:87,(anonymous_3)
FNF:4
FNH:4
FNDA:9,handler
FNDA:6,(anonymous_1)
FNDA:4,(anonymous_2)
FNDA:2,(anonymous_3)
DA:3,3
DA:4,3
DA:9,3
DA:12,3
DA:15,9
DA:16,9
DA:18,9
DA:24,9
DA:26,9
DA:27,2
DA:28,2
DA:31,7
DA:32,2
DA:33,2
DA:37,5
DA:38,1
DA:39,1
DA:43,4
DA:52,2
DA:53,0
DA:54,0
DA:64,2
DA:66,2
DA:69,6
DA:72,3
DA:73,2
DA:76,1
DA:79,4
DA:80,4
DA:81,4
DA:87,2
DA:89,2
DA:96,2
DA:105,2
DA:106,1
DA:109,1
LF:36
LH:34
BRDA:26,0,0,2
BRDA:31,1,0,2
BRDA:37,2,0,1
BRDA:52,3,0,0
BRDA:52,4,0,2
BRDA:52,4,1,2
BRDA:69,5,0,3
BRDA:72,6,0,2
BRDA:72,7,0,3
BRDA:72,7,1,2
BRDA:80,8,0,4
BRDA:80,8,1,0
BRDA:105,9,0,1
BRF:13
BRH:11
end_of_record
TN:
SF:src/services/booking-service.ts
FN:47,(anonymous_0)
FN:54,(anonymous_1)
FN:61,(anonymous_2)
FN:68,(anonymous_3)
FN:75,(anonymous_4)
FN:141,(anonymous_5)
FN:179,(anonymous_6)
FN:202,(anonymous_7)
FN:205,(anonymous_8)
FNF:9
FNH:9
FNDA:5,(anonymous_0)
FNDA:8,(anonymous_1)
FNDA:4,(anonymous_2)
FNDA:11,(anonymous_3)
FNDA:18,(anonymous_4)
FNDA:9,(anonymous_5)
FNDA:12,(anonymous_6)
FNDA:6,(anonymous_7)
FNDA:8,(anonymous_8)
DA:1,8
DA:2,8
DA:3,8
DA:4,8
DA:5,8
DA:6,8
DA:10,8
DA:46,8
DA:48,5
DA:49,5
DA:53,8
DA:55,8
DA:56,8
DA:60,8
DA:62,4
DA:63,4
DA:67,8
DA:69,11
DA:70,11
DA:74,8
DA:76,18
DA:79,18
DA:87,18
DA:88,3
DA:91,15
DA:94,15
DA:95,2
DA:96,13
DA:97,2
DA:100,11
DA:101,11
DA:104,11
DA:105,11
DA:106,9
DA:107,4
DA:110,6
DA:111,0
DA:113,6
DA:114,2
DA:116,4
DA:120,5
DA:128,5
DA:129,5
DA:131,1
DA:134,4
DA:142,9
DA:144,9
DA:145,2
DA:148,7
DA:150,7
DA:151,7
DA:153,5
DA:154,5
DA:155,2
DA:158,3
DA:165,4
DA:166,2
DA:171,2
DA:172,0
DA:175,2
DA:180,12
DA:182,11
DA:183,3
DA:186,8
DA:188,8
DA:189,8
DA:191,3
DA:198,5
DA:199,4
DA:201,4
DA:202,6
DA:204,4
DA:205,8
DA:208,4
DA:209,2
DA:214,2
DA:215,2
DA:218,0
DA:221,1
DA:222,1
DA:225,0
LF:81
LH:77
BRDA:87,0,0,3
BRDA:87,1,0,18
BRDA:87,1,1,18
BRDA:94,2,0,2
BRDA:94,2,1,13
BRDA:94,3,0,15
BRDA:94,3,1,2
BRDA:94,3,2,2
BRDA:96,4,0,2
BRDA:106,5,0,4
BRDA:110,6,0,0
BRDA:113,7,0,2
BRDA:113,8,0,6
BRDA:113,8,1,4
BRDA:144,9,0,2
BRDA:154,10,0,2
BRDA:165,11,0,2
BRDA:171,12,0,0
BRDA:171,13,0,2
BRDA:171,13,1,2
BRDA:182,14,0,3
BRDA:198,15,0,4
BRDA:199,16,0,4
BRDA:199,16,1,0
BRDA:202,17,0,6
BRDA:202,17,1,4
BRDA:205,18,0,8
BRDA:205,18,1,4
BRDA:208,19,0,2
BRDA:214,20,0,2
BRDA:221,21,0,1
BRDA:221,22,0,1
BRDA:221,22,1,1
BRF:33
BRH:30
end_of_record
TN:
SF:src/types/db-keys.ts
FN:3,(anonymous_0)
FN:7,(anonymous_1)
FN:11,(anonymous_2)
FN:15,(anonymous_3)
FNF:4
FNH:4
FNDA:5,(anonymous_0)
FNDA:1,(anonymous_1)
FNDA:29,(anonymous_2)
FNDA:11,(anonymous_3)
DA:2,32
DA:3,5
DA:7,1
DA:11,29
DA:15,11
LF:5
LH:5
BRF:0
BRH:0
end_of_record
TN:
SF:src/utils/dynamodb.ts
FN:18,putItem
FN:28,getItem
FN:42,updateItem
FN:62,transactWrite
FN:70,queryItems
FN:90,batchWriteItems
FN:91,(anonymous_6)
FNF:7
FNH:6
FNDA:1,putItem
FNDA:2,getItem
FNDA:1,updateItem
FNDA:0,transactWrite
FNDA:2,queryItems
FNDA:2,batchWriteItems
FNDA:32,(anonymous_6)
DA:1,30
DA:2,30
DA:12,30
DA:13,30
DA:15,30
DA:18,30
DA:19,1
DA:28,30
DA:31,2
DA:38,2
DA:42,30
DA:49,1
DA:62,30
DA:63,0
DA:70,30
DA:77,2
DA:87,2
DA:90,30
DA:91,32
DA:98,2
DA:99,2
DA:100,3
DA:103,2
DA:104,3
LF:24
LH:23
BRDA:87,0,0,2
BRDA:87,0,1,1
BRF:2
BRH:2
end_of_record
TN:
SF:src/utils/logger.ts
FN:3,log
FN:19,(anonymous_1)
FN:22,(anonymous_2)
FN:25,(anonymous_3)
FN:28,(anonymous_4)
FNF:5
FNH:5
FNDA:171,log
FNDA:107,(anonymous_1)
FNDA:30,(anonymous_2)
FNDA:8,(anonymous_3)
FNDA:26,(anonymous_4)
DA:8,171
DA:15,171
DA:18,37
DA:20,107
DA:23,30
DA:26,8
DA:29,26
LF:7
LH:7
BRDA:12,0,0,116
BRDA:12,0,1,55
BRF:2
BRH:2
end_of_record
TN:
SF:src/utils/response.ts
FN:8,successResponse
FN:16,errorResponse
FN:27,validationError
FN:31,notFoundError
FN:35,conflictError
FN:39,internalError
FNF:6
FNH:6
FNDA:16,successResponse
FNDA:48,errorResponse
FNDA:30,validationError
FNDA:6,notFoundError
FNDA:6,conflictError
FNDA:5,internalError
DA:3,13
DA:8,13
DA:9,16
DA:16,13
DA:17,48
DA:27,13
DA:28,30
DA:31,13
DA:32,6
DA:35,13
DA:36,6
DA:39,13
DA:40,5
LF:13
LH:13
BRDA:8,0,0,10
BRDA:16,1,0,0
BRDA:39,2,0,1
BRF:3
BRH:2
end_of_record
TN:
SF:src/utils/sqs.ts
FN:6,(anonymous_0)
FNF:1
FNH:1
FNDA:3,(anonymous_0)
DA:1,9
DA:2,9
DA:4,9
DA:6,9
DA:7,3
DA:8,3
DA:9,3
DA:10,3
DA:12,1
DA:13,1
LF:10
LH:10
BRDA:7,0,0,1
BRDA:7,0,1,2
BRF:2
BRH:2
end_of_record
TN:
SF:src/utils/time.ts
FN:1,generateTimeSlots
FN:26,generateExpirationTime
FN:32,isExpired
FN:36,formatDate
FN:40,getCurrentTimestamp
FNF:5
FNH:5
FNDA:2,generateTimeSlots
FNDA:15,generateExpirationTime
FNDA:2,isExpired
FNDA:1,formatDate
FNDA:28,getCurrentTimestamp
DA:1,39
DA:6,2
DA:7,2
DA:8,2
DA:10,2
DA:11,2
DA:13,2
DA:14,8
DA:15,8
DA:16,8
DA:19,8
DA:20,8
DA:23,2
DA:26,39
DA:27,15
DA:28,15
DA:29,15
DA:32,39
DA:33,2
DA:36,39
DA:37,1
DA:40,39
DA:41,28
LF:23
LH:23
BRDA:26,0,0,0
BRF:1
BRH:0
end_of_record
TN:
SF:src/utils/validators.ts
FN:7,(anonymous_0)
FN:26,(anonymous_1)
FNF:2
FNH:2
FNDA:40,(anonymous_0)
FNDA:28,(anonymous_1)
DA:6,8
DA:8,40
DA:9,5
DA:13,35
DA:14,35
DA:15,15
DA:19,35
DA:20,14
DA:23,21
DA:27,28
DA:28,2
DA:31,26
DA:32,7
DA:36,19
DA:37,19
DA:38,7
DA:41,12
LF:17
LH:17
BRDA:8,0,0,5
BRDA:8,1,0,40
BRDA:8,1,1,35
BRDA:14,2,0,15
BRDA:19,3,0,14
BRDA:27,4,0,2
BRDA:31,5,0,7
BRDA:31,6,0,26
BRDA:31,6,1,24
BRDA:31,6,2,21
BRDA:37,7,0,7
BRF:11
BRH:11
end_of_record
TN:
SF:src/workers/booking-processor.ts
FN:7,handler
FN:11,(anonymous_1)
FN:15,(anonymous_2)
FN:22,processBooking
FNF:4
FNH:4
FNDA:3,handler
FNDA:3,(anonymous_1)
FNDA:3,(anonymous_2)
FNDA:3,processBooking
DA:3,2
DA:4,2
DA:5,2
DA:7,2
DA:8,3
DA:10,3
DA:11,3
DA:15,3
DA:16,3
DA:17,0
DA:23,3
DA:24,3
DA:26,3
DA:28,3
DA:30,3
DA:32,3
DA:40,3
DA:42,0
DA:43,0
LF:19
LH:16
BRDA:16,0,0,0
BRF:1
BRH:0
end_of_record
TN:
SF:src/workers/expiration-processor.ts
FN:6,handler
FN:10,(anonymous_1)
FN:13,(anonymous_2)
FN:14,(anonymous_3)
FN:19,(anonymous_4)
FN:26,processStreamRecord
FNF:6
FNH:6
FNDA:13,handler
FNDA:12,(anonymous_1)
FNDA:12,(anonymous_2)
FNDA:12,(anonymous_3)
FNDA:12,(anonymous_4)
FNDA:12,processStreamRecord
DA:2,3
DA:3,3
DA:4,3
DA:6,3
DA:7,13
DA:9,13
DA:10,12
DA:13,13
DA:14,13
DA:16,13
DA:19,13
DA:20,12
DA:21,2
DA:28,12
DA:31,4
DA:34,8
DA:35,8
DA:36,8
DA:37,8
DA:39,8
DA:40,1
DA:41,1
DA:44,7
DA:46,7
DA:48,7
DA:51,4
DA:53,2
DA:55,5
DA:56,3
DA:57,3
DA:60,2
DA:61,2
LF:32
LH:32
BRDA:20,0,0,2
BRDA:28,1,0,4
BRDA:28,2,0,12
BRDA:28,2,1,10
BRDA:28,2,2,10
BRDA:39,3,0,1
BRDA:39,4,0,8
BRDA:39,4,1,7
BRDA:39,4,2,7
BRDA:55,5,0,3
BRF:10
BRH:10
end_of_record
